2025-10-05T16:44:50.317471Z 0 [System] [MY-015015] [Server] MySQL Server - start.
2025-10-05T16:44:50.502943Z 0 [Warning] [MY-010097] [Server] Insecure configuration for --secure-file-priv: Current value does not restrict location of generated files. Consider setting it to a valid, non-empty path.
2025-10-05T16:44:50.502982Z 0 [System] [MY-010116] [Server] C:\laragon\bin\mysql\mysql-8.4.3-winx64\bin\mysqld (mysqld 8.4.3) starting as process 6024
2025-10-05T16:44:50.526268Z 1 [System] [MY-013576] [InnoDB] InnoDB initialization has started.
2025-10-05T16:44:51.990978Z 1 [System] [MY-013577] [InnoDB] InnoDB initialization has ended.
2025-10-05T16:44:52.372709Z 0 [Warning] [MY-013829] [Server] Missing data directory for ICU regular expressions: C:\laragon\bin\mysql\mysql-8.4.3-winx64\lib\private\.
2025-10-05T16:44:52.384272Z 0 [Warning] [MY-010068] [Server] CA certificate ca.pem is self signed.
2025-10-05T16:44:52.384648Z 0 [System] [MY-013602] [Server] Channel mysql_main configured to support TLS. Encrypted connections are now supported for this channel.
2025-10-05T16:44:52.428785Z 0 [System] [MY-011323] [Server] X Plugin ready for connections. Bind-address: '::' port: 33060
2025-10-05T16:44:52.428832Z 0 [System] [MY-010931] [Server] C:\laragon\bin\mysql\mysql-8.4.3-winx64\bin\mysqld: ready for connections. Version: '8.4.3'  socket: ''  port: 3306  MySQL Community Server - GPL.
2025-10-05T18:56:31.971292Z 0 [System] [MY-015015] [Server] MySQL Server - start.
2025-10-05T18:56:32.128196Z 0 [Warning] [MY-010097] [Server] Insecure configuration for --secure-file-priv: Current value does not restrict location of generated files. Consider setting it to a valid, non-empty path.
2025-10-05T18:56:32.128235Z 0 [System] [MY-010116] [Server] C:\laragon\bin\mysql\mysql-8.4.3-winx64\bin\mysqld (mysqld 8.4.3) starting as process 3392
2025-10-05T18:56:32.169403Z 1 [System] [MY-013576] [InnoDB] InnoDB initialization has started.
2025-10-05T18:56:33.263408Z 1 [System] [MY-013577] [InnoDB] InnoDB initialization has ended.
2025-10-05T18:56:33.562831Z 0 [System] [MY-010229] [Server] Starting XA crash recovery...
2025-10-05T18:56:33.567610Z 0 [System] [MY-010232] [Server] XA crash recovery finished.
2025-10-05T18:56:33.657381Z 0 [Warning] [MY-013829] [Server] Missing data directory for ICU regular expressions: C:\laragon\bin\mysql\mysql-8.4.3-winx64\lib\private\.
2025-10-05T18:56:33.681354Z 0 [Warning] [MY-010068] [Server] CA certificate ca.pem is self signed.
2025-10-05T18:56:33.681725Z 0 [System] [MY-013602] [Server] Channel mysql_main configured to support TLS. Encrypted connections are now supported for this channel.
2025-10-05T18:56:33.721924Z 0 [System] [MY-011323] [Server] X Plugin ready for connections. Bind-address: '::' port: 33060
2025-10-05T18:56:33.721940Z 0 [System] [MY-010931] [Server] C:\laragon\bin\mysql\mysql-8.4.3-winx64\bin\mysqld: ready for connections. Version: '8.4.3'  socket: ''  port: 3306  MySQL Community Server - GPL.
2025-10-05T19:56:05.020148Z 0 [System] [MY-015015] [Server] MySQL Server - start.
2025-10-05T19:56:05.083435Z 0 [Warning] [MY-010097] [Server] Insecure configuration for --secure-file-priv: Current value does not restrict location of generated files. Consider setting it to a valid, non-empty path.
2025-10-05T19:56:05.083474Z 0 [System] [MY-010116] [Server] C:\laragon\bin\mysql\mysql-8.4.3-winx64\bin\mysqld (mysqld 8.4.3) starting as process 12592
2025-10-05T19:56:05.119324Z 1 [System] [MY-013576] [InnoDB] InnoDB initialization has started.
2025-10-05T19:56:06.149997Z 1 [System] [MY-013577] [InnoDB] InnoDB initialization has ended.
2025-10-05T19:56:06.383833Z 0 [System] [MY-010229] [Server] Starting XA crash recovery...
2025-10-05T19:56:06.386515Z 0 [System] [MY-010232] [Server] XA crash recovery finished.
2025-10-05T19:56:06.486471Z 0 [Warning] [MY-013829] [Server] Missing data directory for ICU regular expressions: C:\laragon\bin\mysql\mysql-8.4.3-winx64\lib\private\.
2025-10-05T19:56:06.514558Z 0 [Warning] [MY-010068] [Server] CA certificate ca.pem is self signed.
2025-10-05T19:56:06.514924Z 0 [System] [MY-013602] [Server] Channel mysql_main configured to support TLS. Encrypted connections are now supported for this channel.
2025-10-05T19:56:06.553163Z 0 [System] [MY-011323] [Server] X Plugin ready for connections. Bind-address: '::' port: 33060
2025-10-05T19:56:06.553170Z 0 [System] [MY-010931] [Server] C:\laragon\bin\mysql\mysql-8.4.3-winx64\bin\mysqld: ready for connections. Version: '8.4.3'  socket: ''  port: 3306  MySQL Community Server - GPL.
2025-10-05T20:58:27.743844Z 0 [System] [MY-015015] [Server] MySQL Server - start.
2025-10-05T20:58:27.803792Z 0 [Warning] [MY-010097] [Server] Insecure configuration for --secure-file-priv: Current value does not restrict location of generated files. Consider setting it to a valid, non-empty path.
2025-10-05T20:58:27.803834Z 0 [System] [MY-010116] [Server] C:\laragon\bin\mysql\mysql-8.4.3-winx64\bin\mysqld (mysqld 8.4.3) starting as process 6400
2025-10-05T20:58:27.840488Z 1 [System] [MY-013576] [InnoDB] InnoDB initialization has started.
2025-10-05T20:58:29.329203Z 1 [System] [MY-013577] [InnoDB] InnoDB initialization has ended.
2025-10-05T20:58:29.932188Z 0 [System] [MY-010229] [Server] Starting XA crash recovery...
2025-10-05T20:58:29.934780Z 0 [System] [MY-010232] [Server] XA crash recovery finished.
2025-10-05T20:58:30.039674Z 0 [Warning] [MY-013829] [Server] Missing data directory for ICU regular expressions: C:\laragon\bin\mysql\mysql-8.4.3-winx64\lib\private\.
2025-10-05T20:58:30.066967Z 0 [Warning] [MY-010068] [Server] CA certificate ca.pem is self signed.
2025-10-05T20:58:30.067338Z 0 [System] [MY-013602] [Server] Channel mysql_main configured to support TLS. Encrypted connections are now supported for this channel.
2025-10-05T20:58:30.108855Z 0 [System] [MY-011323] [Server] X Plugin ready for connections. Bind-address: '::' port: 33060
2025-10-05T20:58:30.108924Z 0 [System] [MY-010931] [Server] C:\laragon\bin\mysql\mysql-8.4.3-winx64\bin\mysqld: ready for connections. Version: '8.4.3'  socket: ''  port: 3306  MySQL Community Server - GPL.
